# JRE version: OpenJDK Runtime Environment (8.0_152-b02) (build 1.8.0_152-release-1024-b02)
# Java VM: OpenJDK 64-Bit Server VM (25.152-b02 mixed mode windows-amd64 compressed oops)
Heap:
 PSYoungGen      total 315392K, used 97790K [0x00000000e0000000, 0x00000000f7d80000, 0x0000000100000000)
  eden space 297472K, 26% used [0x00000000e0000000,0x00000000e4e04fc8,0x00000000f2280000)
  from space 17920K, 99% used [0x00000000f2280000,0x00000000f33fac28,0x00000000f3400000)
  to   space 22528K, 0% used [0x00000000f6780000,0x00000000f6780000,0x00000000f7d80000)
 ParOldGen       total 131072K, used 116285K [0x00000000a0000000, 0x00000000a8000000, 0x00000000e0000000)
  object space 131072K, 88% used [0x00000000a0000000,0x00000000a718f608,0x00000000a8000000)
 Metaspace       used 89278K, capacity 94900K, committed 95064K, reserved 1132544K
  class space    used 10888K, capacity 11845K, committed 11904K, reserved 1048576K
GC Heap History (10 events):
Event: 21593.008 GC heap before
{Heap before GC invocations=139 (full 4):
 PSYoungGen      total 284160K, used 281916K [0x00000000e0000000, 0x00000000f2980000, 0x0000000100000000)
  eden space 266752K, 99% used [0x00000000e0000000,0x00000000f03ea680,0x00000000f0480000)
  from space 17408K, 90% used [0x00000000f1880000,0x00000000f27e4b50,0x00000000f2980000)
  to   space 18944K, 0% used [0x00000000f0480000,0x00000000f0480000,0x00000000f1700000)
 ParOldGen       total 131072K, used 103558K [0x00000000a0000000, 0x00000000a8000000, 0x00000000e0000000)
  object space 131072K, 79% used [0x00000000a0000000,0x00000000a6521bd8,0x00000000a8000000)
 Metaspace       used 88395K, capacity 93904K, committed 94168K, reserved 1132544K
  class space    used 10793K, capacity 11707K, committed 11776K, reserved 1048576K
Event: 21593.019 GC heap after
Heap after GC invocations=139 (full 4):
 PSYoungGen      total 264704K, used 7252K [0x00000000e0000000, 0x00000000f1f00000, 0x0000000100000000)
  eden space 257024K, 0% used [0x00000000e0000000,0x00000000e0000000,0x00000000efb00000)
  from space 7680K, 94% used [0x00000000f0480000,0x00000000f0b95378,0x00000000f0c00000)
  to   space 18432K, 0% used [0x00000000f0d00000,0x00000000f0d00000,0x00000000f1f00000)
 ParOldGen       total 131072K, used 104415K [0x00000000a0000000, 0x00000000a8000000, 0x00000000e0000000)
  object space 131072K, 79% used [0x00000000a0000000,0x00000000a65f7cd8,0x00000000a8000000)
 Metaspace       used 88395K, capacity 93904K, committed 94168K, reserved 1132544K
  class space    used 10793K, capacity 11707K, committed 11776K, reserved 1048576K
}
Event: 21593.106 GC heap before
{Heap before GC invocations=140 (full 4):
 PSYoungGen      total 264704K, used 264057K [0x00000000e0000000, 0x00000000f1f00000, 0x0000000100000000)
  eden space 257024K, 99% used [0x00000000e0000000,0x00000000efac90f0,0x00000000efb00000)
  from space 7680K, 94% used [0x00000000f0480000,0x00000000f0b95378,0x00000000f0c00000)
  to   space 18432K, 0% used [0x00000000f0d00000,0x00000000f0d00000,0x00000000f1f00000)
 ParOldGen       total 131072K, used 104415K [0x00000000a0000000, 0x00000000a8000000, 0x00000000e0000000)
  object space 131072K, 79% used [0x00000000a0000000,0x00000000a65f7cd8,0x00000000a8000000)
 Metaspace       used 88395K, capacity 93904K, committed 94168K, reserved 1132544K
  class space    used 10793K, capacity 11707K, committed 11776K, reserved 1048576K
Event: 21593.113 GC heap after
Heap after GC invocations=140 (full 4):
 PSYoungGen      total 274432K, used 96K [0x00000000e0000000, 0x00000000f4c00000, 0x0000000100000000)
  eden space 256000K, 0% used [0x00000000e0000000,0x00000000e0000000,0x00000000efa00000)
  from space 18432K, 0% used [0x00000000f0d00000,0x00000000f0d18000,0x00000000f1f00000)
  to   space 19456K, 0% used [0x00000000efa00000,0x00000000efa00000,0x00000000f0d00000)
 ParOldGen       total 131072K, used 110219K [0x00000000a0000000, 0x00000000a8000000, 0x00000000e0000000)
  object space 131072K, 84% used [0x00000000a0000000,0x00000000a6ba2d18,0x00000000a8000000)
 Metaspace       used 88395K, capacity 93904K, committed 94168K, reserved 1132544K
  class space    used 10793K, capacity 11707K, committed 11776K, reserved 1048576K
}
Event: 21603.689 GC heap before
{Heap before GC invocations=141 (full 4):
 PSYoungGen      total 274432K, used 255875K [0x00000000e0000000, 0x00000000f4c00000, 0x0000000100000000)
  eden space 256000K, 99% used [0x00000000e0000000,0x00000000ef9c8e20,0x00000000efa00000)
  from space 18432K, 0% used [0x00000000f0d00000,0x00000000f0d18000,0x00000000f1f00000)
  to   space 19456K, 0% used [0x00000000efa00000,0x00000000efa00000,0x00000000f0d00000)
 ParOldGen       total 131072K, used 110219K [0x00000000a0000000, 0x00000000a8000000, 0x00000000e0000000)
  object space 131072K, 84% used [0x00000000a0000000,0x00000000a6ba2d18,0x00000000a8000000)
 Metaspace       used 88959K, capacity 94622K, committed 94808K, reserved 1132544K
  class space    used 10881K, capacity 11842K, committed 11904K, reserved 1048576K
Event: 21603.700 GC heap after
Heap after GC invocations=141 (full 4):
 PSYoungGen      total 275456K, used 5359K [0x00000000e0000000, 0x00000000f4780000, 0x0000000100000000)
  eden space 256000K, 0% used [0x00000000e0000000,0x00000000e0000000,0x00000000efa00000)
  from space 19456K, 27% used [0x00000000efa00000,0x00000000eff3bf18,0x00000000f0d00000)
  to   space 18944K, 0% used [0x00000000f3500000,0x00000000f3500000,0x00000000f4780000)
 ParOldGen       total 131072K, used 110251K [0x00000000a0000000, 0x00000000a8000000, 0x00000000e0000000)
  object space 131072K, 84% used [0x00000000a0000000,0x00000000a6baad18,0x00000000a8000000)
 Metaspace       used 88959K, capacity 94622K, committed 94808K, reserved 1132544K
  class space    used 10881K, capacity 11842K, committed 11904K, reserved 1048576K
}
Event: 21605.508 GC heap before
{Heap before GC invocations=142 (full 4):
 PSYoungGen      total 275456K, used 261359K [0x00000000e0000000, 0x00000000f4780000, 0x0000000100000000)
  eden space 256000K, 100% used [0x00000000e0000000,0x00000000efa00000,0x00000000efa00000)
  from space 19456K, 27% used [0x00000000efa00000,0x00000000eff3bf18,0x00000000f0d00000)
  to   space 18944K, 0% used [0x00000000f3500000,0x00000000f3500000,0x00000000f4780000)
 ParOldGen       total 131072K, used 110251K [0x00000000a0000000, 0x00000000a8000000, 0x00000000e0000000)
  object space 131072K, 84% used [0x00000000a0000000,0x00000000a6baad18,0x00000000a8000000)
 Metaspace       used 89067K, capacity 94690K, committed 94808K, reserved 1132544K
  class space    used 10883K, capacity 11842K, committed 11904K, reserved 1048576K
Event: 21605.535 GC heap after
Heap after GC invocations=142 (full 4):
 PSYoungGen      total 314368K, used 7442K [0x00000000e0000000, 0x00000000f4580000, 0x0000000100000000)
  eden space 297472K, 0% used [0x00000000e0000000,0x00000000e0000000,0x00000000f2280000)
  from space 16896K, 44% used [0x00000000f3500000,0x00000000f3c448c8,0x00000000f4580000)
  to   space 17920K, 0% used [0x00000000f2280000,0x00000000f2280000,0x00000000f3400000)
 ParOldGen       total 131072K, used 111243K [0x00000000a0000000, 0x00000000a8000000, 0x00000000e0000000)
  object space 131072K, 84% used [0x00000000a0000000,0x00000000a6ca2e80,0x00000000a8000000)
 Metaspace       used 89067K, capacity 94690K, committed 94808K, reserved 1132544K
  class space    used 10883K, capacity 11842K, committed 11904K, reserved 1048576K
}
Event: 21608.846 GC heap before
{Heap before GC invocations=143 (full 4):
 PSYoungGen      total 314368K, used 304914K [0x00000000e0000000, 0x00000000f4580000, 0x0000000100000000)
  eden space 297472K, 100% used [0x00000000e0000000,0x00000000f2280000,0x00000000f2280000)
  from space 16896K, 44% used [0x00000000f3500000,0x00000000f3c448c8,0x00000000f4580000)
  to   space 17920K, 0% used [0x00000000f2280000,0x00000000f2280000,0x00000000f3400000)
 ParOldGen       total 131072K, used 111243K [0x00000000a0000000, 0x00000000a8000000, 0x00000000e0000000)
  object space 131072K, 84% used [0x00000000a0000000,0x00000000a6ca2e80,0x00000000a8000000)
 Metaspace       used 89268K, capacity 94900K, committed 95064K, reserved 1132544K
  class space    used 10888K, capacity 11845K, committed 11904K, reserved 1048576K
Event: 21608.894 GC heap after
Heap after GC invocations=143 (full 4):
 PSYoungGen      total 315392K, used 17899K [0x00000000e0000000, 0x00000000f7d80000, 0x0000000100000000)
  eden space 297472K, 0% used [0x00000000e0000000,0x00000000e0000000,0x00000000f2280000)
  from space 17920K, 99% used [0x00000000f2280000,0x00000000f33fac28,0x00000000f3400000)
  to   space 22528K, 0% used [0x00000000f6780000,0x00000000f6780000,0x00000000f7d80000)
 ParOldGen       total 131072K, used 116285K [0x00000000a0000000, 0x00000000a8000000, 0x00000000e0000000)
  object space 131072K, 88% used [0x00000000a0000000,0x00000000a718f608,0x00000000a8000000)
 Metaspace       used 89268K, capacity 94900K, committed 95064K, reserved 1132544K
  class space    used 10888K, capacity 11845K, committed 11904K, reserved 1048576K
}

