# JRE version: OpenJDK Runtime Environment (8.0_152-b02) (build 1.8.0_152-release-1024-b02)
# Java VM: OpenJDK 64-Bit Server VM (25.152-b02 mixed mode windows-amd64 compressed oops)
Heap:
 PSYoungGen      total 431104K, used 34369K [0x00000000e0000000, 0x0000000100000000, 0x0000000100000000)
  eden space 391680K, 8% used [0x00000000e0000000,0x00000000e21905b8,0x00000000f7e80000)
  from space 39424K, 0% used [0x00000000f7e80000,0x00000000f7e80000,0x00000000fa500000)
  to   space 51712K, 0% used [0x00000000fcd80000,0x00000000fcd80000,0x0000000100000000)
 ParOldGen       total 124928K, used 75516K [0x00000000a0000000, 0x00000000a7a00000, 0x00000000e0000000)
  object space 124928K, 60% used [0x00000000a0000000,0x00000000a49bf008,0x00000000a7a00000)
 Metaspace       used 87947K, capacity 93482K, committed 95320K, reserved 1132544K
  class space    used 10836K, capacity 11744K, committed 12160K, reserved 1048576K
GC Heap History (10 events):
Event: 9278.946 GC heap before
{Heap before GC invocations=37 (full 3):
 PSYoungGen      total 336896K, used 333869K [0x00000000e0000000, 0x00000000f8200000, 0x0000000100000000)
  eden space 304640K, 99% used [0x00000000e0000000,0x00000000f29555d0,0x00000000f2980000)
  from space 32256K, 91% used [0x00000000f2980000,0x00000000f46360e0,0x00000000f4900000)
  to   space 36352K, 0% used [0x00000000f5e80000,0x00000000f5e80000,0x00000000f8200000)
 ParOldGen       total 124928K, used 105747K [0x00000000a0000000, 0x00000000a7a00000, 0x00000000e0000000)
  object space 124928K, 84% used [0x00000000a0000000,0x00000000a6744f78,0x00000000a7a00000)
 Metaspace       used 88556K, capacity 94922K, committed 95064K, reserved 1132544K
  class space    used 11030K, capacity 12086K, committed 12160K, reserved 1048576K
Event: 9278.973 GC heap after
Heap after GC invocations=37 (full 3):
 PSYoungGen      total 357376K, used 25323K [0x00000000e0000000, 0x00000000fb880000, 0x0000000100000000)
  eden space 321024K, 0% used [0x00000000e0000000,0x00000000e0000000,0x00000000f3980000)
  from space 36352K, 69% used [0x00000000f5e80000,0x00000000f773ad70,0x00000000f8200000)
  to   space 37888K, 0% used [0x00000000f3980000,0x00000000f3980000,0x00000000f5e80000)
 ParOldGen       total 124928K, used 105851K [0x00000000a0000000, 0x00000000a7a00000, 0x00000000e0000000)
  object space 124928K, 84% used [0x00000000a0000000,0x00000000a675ef78,0x00000000a7a00000)
 Metaspace       used 88556K, capacity 94922K, committed 95064K, reserved 1132544K
  class space    used 11030K, capacity 12086K, committed 12160K, reserved 1048576K
}
Event: 9301.895 GC heap before
{Heap before GC invocations=38 (full 3):
 PSYoungGen      total 357376K, used 345678K [0x00000000e0000000, 0x00000000fb880000, 0x0000000100000000)
  eden space 321024K, 99% used [0x00000000e0000000,0x00000000f38d8e10,0x00000000f3980000)
  from space 36352K, 69% used [0x00000000f5e80000,0x00000000f773ad70,0x00000000f8200000)
  to   space 37888K, 0% used [0x00000000f3980000,0x00000000f3980000,0x00000000f5e80000)
 ParOldGen       total 124928K, used 105851K [0x00000000a0000000, 0x00000000a7a00000, 0x00000000e0000000)
  object space 124928K, 84% used [0x00000000a0000000,0x00000000a675ef78,0x00000000a7a00000)
 Metaspace       used 88597K, capacity 94926K, committed 95064K, reserved 1132544K
  class space    used 11030K, capacity 12086K, committed 12160K, reserved 1048576K
Event: 9301.920 GC heap after
Heap after GC invocations=38 (full 3):
 PSYoungGen      total 358912K, used 23646K [0x00000000e0000000, 0x00000000fcb80000, 0x0000000100000000)
  eden space 321024K, 0% used [0x00000000e0000000,0x00000000e0000000,0x00000000f3980000)
  from space 37888K, 62% used [0x00000000f3980000,0x00000000f5097b10,0x00000000f5e80000)
  to   space 38400K, 0% used [0x00000000fa600000,0x00000000fa600000,0x00000000fcb80000)
 ParOldGen       total 124928K, used 106223K [0x00000000a0000000, 0x00000000a7a00000, 0x00000000e0000000)
  object space 124928K, 85% used [0x00000000a0000000,0x00000000a67bbf88,0x00000000a7a00000)
 Metaspace       used 88597K, capacity 94926K, committed 95064K, reserved 1132544K
  class space    used 11030K, capacity 12086K, committed 12160K, reserved 1048576K
}
Event: 9307.772 GC heap before
{Heap before GC invocations=39 (full 3):
 PSYoungGen      total 358912K, used 344670K [0x00000000e0000000, 0x00000000fcb80000, 0x0000000100000000)
  eden space 321024K, 100% used [0x00000000e0000000,0x00000000f3980000,0x00000000f3980000)
  from space 37888K, 62% used [0x00000000f3980000,0x00000000f5097b10,0x00000000f5e80000)
  to   space 38400K, 0% used [0x00000000fa600000,0x00000000fa600000,0x00000000fcb80000)
 ParOldGen       total 124928K, used 106223K [0x00000000a0000000, 0x00000000a7a00000, 0x00000000e0000000)
  object space 124928K, 85% used [0x00000000a0000000,0x00000000a67bbf88,0x00000000a7a00000)
 Metaspace       used 88668K, capacity 94990K, committed 95064K, reserved 1132544K
  class space    used 11030K, capacity 12086K, committed 12160K, reserved 1048576K
Event: 9307.807 GC heap after
Heap after GC invocations=39 (full 3):
 PSYoungGen      total 430080K, used 26082K [0x00000000e0000000, 0x00000000fcb80000, 0x0000000100000000)
  eden space 391680K, 0% used [0x00000000e0000000,0x00000000e0000000,0x00000000f7e80000)
  from space 38400K, 67% used [0x00000000fa600000,0x00000000fbf788d0,0x00000000fcb80000)
  to   space 39424K, 0% used [0x00000000f7e80000,0x00000000f7e80000,0x00000000fa500000)
 ParOldGen       total 124928K, used 106463K [0x00000000a0000000, 0x00000000a7a00000, 0x00000000e0000000)
  object space 124928K, 85% used [0x00000000a0000000,0x00000000a67f7fd8,0x00000000a7a00000)
 Metaspace       used 88668K, capacity 94990K, committed 95064K, reserved 1132544K
  class space    used 11030K, capacity 12086K, committed 12160K, reserved 1048576K
}
Event: 9310.703 GC heap before
{Heap before GC invocations=40 (full 3):
 PSYoungGen      total 430080K, used 417762K [0x00000000e0000000, 0x00000000fcb80000, 0x0000000100000000)
  eden space 391680K, 100% used [0x00000000e0000000,0x00000000f7e80000,0x00000000f7e80000)
  from space 38400K, 67% used [0x00000000fa600000,0x00000000fbf788d0,0x00000000fcb80000)
  to   space 39424K, 0% used [0x00000000f7e80000,0x00000000f7e80000,0x00000000fa500000)
 ParOldGen       total 124928K, used 106463K [0x00000000a0000000, 0x00000000a7a00000, 0x00000000e0000000)
  object space 124928K, 85% used [0x00000000a0000000,0x00000000a67f7fd8,0x00000000a7a00000)
 Metaspace       used 88698K, capacity 95058K, committed 95320K, reserved 1132544K
  class space    used 11030K, capacity 12086K, committed 12160K, reserved 1048576K
Event: 9310.766 GC heap after
Heap after GC invocations=40 (full 3):
 PSYoungGen      total 431104K, used 39403K [0x00000000e0000000, 0x0000000100000000, 0x0000000100000000)
  eden space 391680K, 0% used [0x00000000e0000000,0x00000000e0000000,0x00000000f7e80000)
  from space 39424K, 99% used [0x00000000f7e80000,0x00000000fa4fac30,0x00000000fa500000)
  to   space 51712K, 0% used [0x00000000fcd80000,0x00000000fcd80000,0x0000000100000000)
 ParOldGen       total 124928K, used 122906K [0x00000000a0000000, 0x00000000a7a00000, 0x00000000e0000000)
  object space 124928K, 98% used [0x00000000a0000000,0x00000000a7806920,0x00000000a7a00000)
 Metaspace       used 88698K, capacity 95058K, committed 95320K, reserved 1132544K
  class space    used 11030K, capacity 12086K, committed 12160K, reserved 1048576K
}
Event: 9310.766 GC heap before
{Heap before GC invocations=41 (full 4):
 PSYoungGen      total 431104K, used 39403K [0x00000000e0000000, 0x0000000100000000, 0x0000000100000000)
  eden space 391680K, 0% used [0x00000000e0000000,0x00000000e0000000,0x00000000f7e80000)
  from space 39424K, 99% used [0x00000000f7e80000,0x00000000fa4fac30,0x00000000fa500000)
  to   space 51712K, 0% used [0x00000000fcd80000,0x00000000fcd80000,0x0000000100000000)
 ParOldGen       total 124928K, used 122906K [0x00000000a0000000, 0x00000000a7a00000, 0x00000000e0000000)
  object space 124928K, 98% used [0x00000000a0000000,0x00000000a7806920,0x00000000a7a00000)
 Metaspace       used 88698K, capacity 95058K, committed 95320K, reserved 1132544K
  class space    used 11030K, capacity 12086K, committed 12160K, reserved 1048576K
Event: 9311.401 GC heap after
Heap after GC invocations=41 (full 4):
 PSYoungGen      total 431104K, used 0K [0x00000000e0000000, 0x0000000100000000, 0x0000000100000000)
  eden space 391680K, 0% used [0x00000000e0000000,0x00000000e0000000,0x00000000f7e80000)
  from space 39424K, 0% used [0x00000000f7e80000,0x00000000f7e80000,0x00000000fa500000)
  to   space 51712K, 0% used [0x00000000fcd80000,0x00000000fcd80000,0x0000000100000000)
 ParOldGen       total 124928K, used 75516K [0x00000000a0000000, 0x00000000a7a00000, 0x00000000e0000000)
  object space 124928K, 60% used [0x00000000a0000000,0x00000000a49bf008,0x00000000a7a00000)
 Metaspace       used 87947K, capacity 93482K, committed 95320K, reserved 1132544K
  class space    used 10836K, capacity 11744K, committed 12160K, reserved 1048576K
}

